\BOOKMARK [1][-]{section.1}{Introduction}{}% 1
\BOOKMARK [2][-]{subsection.1.1}{Presentation of WRSC}{section.1}% 2
\BOOKMARK [2][-]{subsection.1.2}{History Project SWARMON}{section.1}% 3
\BOOKMARK [2][-]{subsection.1.3}{Internship Objectives}{section.1}% 4
\BOOKMARK [1][-]{section.2}{Tasks, Projects and Activities}{}% 5
\BOOKMARK [2][-]{subsection.2.1}{Organization}{section.2}% 6
\BOOKMARK [2][-]{subsection.2.2}{Dairy tasks and activities}{section.2}% 7
\BOOKMARK [2][-]{subsection.2.3}{New features}{section.2}% 8
\BOOKMARK [3][-]{subsubsection.2.3.1}{New style and New GUI}{subsection.2.3}% 9
\BOOKMARK [3][-]{subsubsection.2.3.2}{Sortable \046 Searchable Table}{subsection.2.3}% 10
\BOOKMARK [3][-]{subsubsection.2.3.3}{Improved Account Management}{subsection.2.3}% 11
\BOOKMARK [3][-]{subsubsection.2.3.4}{Admin Markers Creation}{subsection.2.3}% 12
\BOOKMARK [3][-]{subsubsection.2.3.5}{Auto Scoring and Ranking}{subsection.2.3}% 13
\BOOKMARK [2][-]{subsection.2.4}{Settings in the virtual machine}{section.2}% 14
\BOOKMARK [2][-]{subsection.2.5}{Result for Tracking System and WRSC}{section.2}% 15
\BOOKMARK [1][-]{section.3}{Reflection}{}% 16
\BOOKMARK [2][-]{subsection.3.1}{Perspective}{section.3}% 17
\BOOKMARK [2][-]{subsection.3.2}{Industrial analyse}{section.3}% 18
\BOOKMARK [2][-]{subsection.3.3}{Personal analyse}{section.3}% 19
\BOOKMARK [1][-]{section.4}{Conclusion}{}% 20
